MPASM 5.75                    CALCULATOR.ASM   10-9-2018  19:34:13         PAGE  1


LOC  OBJECT CODE     LINE SOURCE TEXT
  VALUE

                      00001 ;*******************************************************************************
                      00002 ;testing...    
                      00003 ;version: 0.0    
                      00004 ;*******************************************************************************
                      00005    
Warning[215]: Processor superseded by command line.  Verify processor symbol.
                      00006     list p=16f887.inc
                      00007     #include P16f887.inc
                      00001         LIST
                      00002 
                      00003 ;==========================================================================
                      00004 ; Build date : Jul 02 2017
                      00005 ;  MPASM PIC16F887 processor include
                      00006 ; 
                      00007 ;  (c) Copyright 1999-2017 Microchip Technology, All rights reserved
                      00008 ;==========================================================================
                      00009 
                      00810         LIST
                      00008     
                      00009 ;Directivas de configuración****************************************************    
2007   20F4           00010     __CONFIG _CONFIG1, _FOSC_INTRC_NOCLKOUT & _WDTE_OFF & _PWRTE_OFF & _MCLRE_ON & _CP_OFF & _CPD_OFF & 
                            _BOREN_OFF & _IESO_OFF & _FCMEN_OFF & _LVP_OFF
2008   3FFF           00011     __CONFIG _CONFIG2, _BOR4V_BOR40V & _WRT_OFF
                      00012     
                      00013 ;
                      00014     CBLOCK 0x20
  00000020            00015     OperandoA       ;Guarda el valor del primero operando
  00000021            00016     OperandoB       ;Guarda el valor del segundo operando
  00000022            00017     RegSuma         ;Guarda el valor de la suma
  00000023            00018     RegResta        ;Guarda el valor de la resta
  00000024            00019     RegComp         ;Guarda el valor de la resta en complemento a 2
                      00020     ENDC
                      00021     
                      00022 ;Definición de variables********************************************************
                      00023 #DEFINE Pulsador1   PORTE,0     ;Los pulsadores se conectan a estos 
                      00024 #DEFINE Pulsador2   PORTE,1     ;pines del puerto E.
                      00025 #DEFINE Pulsador3   PORTE,2     ;En total usamos tres pines del puerto E
                      00026 #DEFINE Pulsador4   PORTD,7     ;y un pin del puerto D.
                      00027 
                      00028 ;Código fuente******************************************************************    
0000                  00029     org 0x00        ;El programa comienza en la dirección 0x00 
0000   2805           00030     goto Inicio     ;de memoria de programa
0005                  00031     org 0x05
                      00032     
0005                  00033 Inicio
0005   1683 1703      00034     banksel ANSEL   ;El registro ANSEL debe inicializarse en cero para configurar
Message[302]: Register in operand not in bank 0.  Ensure that bank bits are correct.
0007   0188           00035     clrf ANSEL      ; un canal analógico como entradas digitales
Message[302]: Register in operand not in bank 0.  Ensure that bank bits are correct.
0008   0189           00036     clrf ANSELH
                      00037     
0009   1683 1303      00038     banksel TRISA       ;Acceso al banco 1
000B   30FF           00039     movlw b'11111111'   
MPASM 5.75                    CALCULATOR.ASM   10-9-2018  19:34:13         PAGE  2


LOC  OBJECT CODE     LINE SOURCE TEXT
  VALUE

Message[302]: Register in operand not in bank 0.  Ensure that bank bits are correct.
000C   0085           00040     movwf TRISA         ;Las líneas del Puerto A se configuran como entradas
Message[302]: Register in operand not in bank 0.  Ensure that bank bits are correct.
000D   0186           00041     clrf TRISB          ;Las líneasd del Puerto B se configuran como salidas
Message[302]: Register in operand not in bank 0.  Ensure that bank bits are correct.
000E   0187           00042     clrf TRISC          ;Las líneasd del Puerto C se configuran como salidas
000F   3080           00043     movlw b'10000000'   ;Se utilizan los 7 primeros bits del Puerto D como 
Message[302]: Register in operand not in bank 0.  Ensure that bank bits are correct.
0010   0088           00044     movwf TRISD         ;salidas y el pin RD7 como entrada
0011   300F           00045     movlw b'00001111'
Message[302]: Register in operand not in bank 0.  Ensure that bank bits are correct.
0012   0089           00046     movwf TRISE         ;Pines RE0, RE1, RE2 como entradas.
                      00047     
0013   1283 1303      00048     banksel PORTA
0015   0185           00049     clrf PORTA
0016   0186           00050     clrf PORTB
0017   0187           00051     clrf PORTC
0018   0188           00052     clrf PORTD
0019   0189           00053     clrf PORTE    
001A   01A0           00054     clrf OperandoA
001B   01A1           00055     clrf OperandoB
                      00056     
001C                  00057 Principal       
001C   1C09           00058     btfss Pulsador1     ;Salta si el pulsador 1 no está presionado
001D   2852           00059     goto CargarOpA
001E   1C89           00060     btfss Pulsador2     ;Salta si el pulsador 2 no está presionado
001F   285E           00061     goto CargarOpB
0020   1D09           00062     btfss Pulsador3     ;Salta si el pulsador 3 no está presionado
0021   2840           00063     goto SumaAB
0022   1F88           00064     btfss Pulsador4     ;Salta si el pulsador 4 no está presionado
0023   2825           00065     goto RestaAB
0024   281C           00066     goto Principal
                      00067 
                      00068 ;Subrutina SumaAB***************************************************************
0025                  00069 RestaAB    
0025   0186           00070     clrf PORTB
0026   0821           00071     movf OperandoB,W
0027   0220           00072     subwf OperandoA,W   ;(W) = (OperandoA) - (OperandoB)
0028   00A3           00073     movwf RegResta
0029   390F           00074     andlw b'00001111'   ;Se queda conlos cuatro bits más bajos de entrada
002A   206A           00075     call DecoHEX        ;Decodifica el nibble inferior en hexadecimal
002B   0088           00076     movwf PORTD         ;Se visualiza por el puerto de salida
                      00077     
002C   0E23           00078     swapf RegResta,W    ;Se intercambian los nibbles del puerto
002D   390F           00079     andlw b'00001111'   ;Se queda conlos cuatro bits más bajos de entrada
002E   206A           00080     call DecoHEX        ;Decodifica el nibble inferior en hexadecimal
002F   0087           00081     movwf PORTC         ;Se visualiza por el puerto de salida   
                      00082     
0030   0821           00083     movf OperandoB,W
0031   0220           00084     subwf OperandoA,W
0032   1803           00085     btfsc STATUS,C      ;¿El resultado es negativo? ¿C = 1?
0033   281C           00086     goto Principal      
0034   1706           00087     bsf PORTB,6         ;Enciende el segmento g del display 
MPASM 5.75                    CALCULATOR.ASM   10-9-2018  19:34:13         PAGE  3


LOC  OBJECT CODE     LINE SOURCE TEXT
  VALUE

0035   0923           00088     comf RegResta,W     ;Complementa a 2 el resultado de la resta
0036   3E01           00089     addlw 0x01          ;(W) + 01 -> (W)
0037   00A4           00090     movwf RegComp       ;Guarda el valor de la resta en complemento a  2
0038   390F           00091     andlw b'00001111'   ;Se queda conlos cuatro bits más bajos de entrada
0039   206A           00092     call DecoHEX        ;Decodifica el nibble inferior en hexadecimal
003A   0088           00093     movwf PORTD         ;Se visualiza por el puerto de salida
                      00094     
003B   0E24           00095     swapf RegComp,W     ;Se intercambian los nibbles del puerto
003C   390F           00096     andlw b'00001111'   ;Se queda conlos cuatro bits más bajos de entrada
003D   206A           00097     call DecoHEX        ;Decodifica el nibble inferior en hexadecimal
003E   0087           00098     movwf PORTC         ;Se visualiza por el puerto de salida 
003F   281C           00099     goto Principal
                      00100     
                      00101 ;Subrutina SumaAB***************************************************************
0040                  00102 SumaAB    
0040   0186           00103     clrf PORTB
0041   0821           00104     movf OperandoB,W
0042   0720           00105     addwf OperandoA,W
0043   00A2           00106     movwf RegSuma
0044   390F           00107     andlw b'00001111'   ;Se queda conlos cuatro bits más bajos de entrada
0045   206A           00108     call DecoHEX        ;Decodifica el nibble inferior en hexadecimal
0046   0088           00109     movwf PORTD         ;Se visualiza por el puerto de salida
                      00110     
0047   0E22           00111     swapf RegSuma,W     ;Se intercambian los nibbles del puerto
0048   390F           00112     andlw b'00001111'   ;Se queda conlos cuatro bits más bajos de entrada
0049   206A           00113     call DecoHEX        ;Decodifica el nibble inferior en hexadecimal
004A   0087           00114     movwf PORTC         ;Se visualiza por el puerto de salida   
                      00115     
004B   0821           00116     movf OperandoB,W
004C   0720           00117     addwf OperandoA,W
004D   1C03           00118     btfss STATUS,C      ;¿Hubo desbordamiento? ¿C = 1?
004E   281C           00119     goto Principal      
004F   1486           00120     bsf PORTB,1         ;Enciende el segmento b del display
0050   1506           00121     bsf PORTB,2         ;Enciende el segmento c del display
0051   281C           00122     goto Principal
                      00123     
                      00124 ;Subrutina CargarOpA************************************************************
0052                  00125 CargarOpA
0052   0186           00126     clrf PORTB
0053   0805           00127     movf PORTA,W        ;Carga el registro de datos del Puerto A en W.
0054   00A0           00128     movwf OperandoA     ;Se guarda el valor del puerto en la regstro OperandoA        
0055   0820           00129     movf OperandoA,W    ;Lee el valor de las variables de entrada
0056   390F           00130     andlw b'00001111'   ;Se queda conlos cuatro bits más bajos de entrada
0057   206A           00131     call DecoHEX        ;Decodifica el nibble inferior en hexadecimal
0058   0088           00132     movwf PORTD         ;Se visualiza por el puerto de salida
                      00133     
0059   0E20           00134     swapf OperandoA,W   ;Se intercambian los nibbles del puerto
005A   390F           00135     andlw b'00001111'   ;Se queda conlos cuatro bits más bajos de entrada
005B   206A           00136     call DecoHEX        ;Decodifica el nibble inferior en hexadecimal
005C   0087           00137     movwf PORTC         ;Se visualiza por el puerto de salida    
005D   281C           00138     goto Principal      ;Se crea un bucle cerrado infinito
                      00139     
                      00140 ;Subrutina CargarOpA************************************************************
MPASM 5.75                    CALCULATOR.ASM   10-9-2018  19:34:13         PAGE  4


LOC  OBJECT CODE     LINE SOURCE TEXT
  VALUE

005E                  00141 CargarOpB
005E   0186           00142     clrf PORTB
005F   0805           00143     movf PORTA,W        ;Carga el registro de datos del Puerto A en W.
0060   00A1           00144     movwf OperandoB     ;Se guarda el valor del puerto en la regstro OperandoA        
0061   0821           00145     movf OperandoB,W    ;Lee el valor de las variables de entrada
0062   390F           00146     andlw b'00001111'   ;Se queda conlos cuatro bits más bajos de entrada
0063   206A           00147     call DecoHEX        ;Decodifica el nibble inferior en hexadecimal
0064   0088           00148     movwf PORTD         ;Se visualiza por el puerto de salida
                      00149     
0065   0E21           00150     swapf OperandoB,W   ;Se intercambian los nibbles del puerto
0066   390F           00151     andlw b'00001111'   ;Se queda conlos cuatro bits más bajos de entrada
0067   206A           00152     call DecoHEX        ;Decodifica el nibble inferior en hexadecimal
0068   0087           00153     movwf PORTC         ;Se visualiza por el puerto de salida    
0069   281C           00154     goto Principal      ;Se crea un bucle cerrado infinito
                      00155     
                      00156 ;Subrutina DecoHEX**************************************************************    
006A                  00157 DecoHEX
006A   0782           00158     addwf PCL,F         ;-gfedcba
006B   343F           00159     retlw b'00111111'   ;0
006C   3406           00160     retlw b'00000110'   ;1
006D   345B           00161     retlw b'01011011'   ;2
006E   344F           00162     retlw b'01001111'   ;3
006F   3466           00163     retlw b'01100110'   ;4
0070   346D           00164     retlw b'01101101'   ;5
0071   347D           00165     retlw b'01111101'   ;6
0072   3407           00166     retlw b'00000111'   ;7
0073   347F           00167     retlw b'01111111'   ;8
0074   346F           00168     retlw b'01101111'   ;9
0075   3477           00169     retlw b'01110111'   ;A
0076   347C           00170     retlw b'01111100'   ;b
0077   3439           00171     retlw b'00111001'   ;C
0078   345E           00172     retlw b'01011110'   ;d
0079   3479           00173     retlw b'01111001'   ;E
007A   3471           00174     retlw b'01110001'   ;F
                      00175     
                      00176     END
MPASM 5.75                    CALCULATOR.ASM   10-9-2018  19:34:13         PAGE  5


SYMBOL TABLE
  LABEL                             VALUE 

ABDEN                             00000000
ABDOVF                            00000007
ACKDT                             00000005
ACKEN                             00000004
ACKSTAT                           00000006
ADCON0                            0000001F
ADCON1                            0000009F
ADCS0                             00000006
ADCS1                             00000007
ADDEN                             00000003
ADFM                              00000007
ADIE                              00000006
ADIF                              00000006
ADON                              00000000
ADRESH                            0000001E
ADRESL                            0000009E
ANS0                              00000000
ANS1                              00000001
ANS10                             00000002
ANS11                             00000003
ANS12                             00000004
ANS13                             00000005
ANS2                              00000002
ANS3                              00000003
ANS4                              00000004
ANS5                              00000005
ANS6                              00000006
ANS7                              00000007
ANS8                              00000000
ANS9                              00000001
ANSEL                             00000188
ANSELH                            00000189
BAUDCTL                           00000187
BCLIE                             00000003
BCLIF                             00000003
BF                                00000000
BRG0                              00000000
BRG1                              00000001
BRG10                             00000002
BRG11                             00000003
BRG12                             00000004
BRG13                             00000005
BRG14                             00000006
BRG15                             00000007
BRG16                             00000003
BRG2                              00000002
BRG3                              00000003
BRG4                              00000004
BRG5                              00000005
BRG6                              00000006
BRG7                              00000007
BRG8                              00000000
BRG9                              00000001
MPASM 5.75                    CALCULATOR.ASM   10-9-2018  19:34:13         PAGE  6


SYMBOL TABLE
  LABEL                             VALUE 

BRGH                              00000002
C                                 00000000
C1CH0                             00000000
C1CH1                             00000001
C1IE                              00000005
C1IF                              00000005
C1OE                              00000005
C1ON                              00000007
C1OUT                             00000006
C1POL                             00000004
C1R                               00000002
C1RSEL                            00000005
C1SEN                             00000005
C2CH0                             00000000
C2CH1                             00000001
C2IE                              00000006
C2IF                              00000006
C2OE                              00000005
C2ON                              00000007
C2OUT                             00000006
C2POL                             00000004
C2R                               00000002
C2REN                             00000004
C2RSEL                            00000004
C2SYNC                            00000000
CCP1CON                           00000017
CCP1IE                            00000002
CCP1IF                            00000002
CCP1M0                            00000000
CCP1M1                            00000001
CCP1M2                            00000002
CCP1M3                            00000003
CCP1X                             00000005
CCP1Y                             00000004
CCP2CON                           0000001D
CCP2IE                            00000000
CCP2IF                            00000000
CCP2M0                            00000000
CCP2M1                            00000001
CCP2M2                            00000002
CCP2M3                            00000003
CCP2X                             00000005
CCP2Y                             00000004
CCPR1                             00000015
CCPR1H                            00000016
CCPR1L                            00000015
CCPR2                             0000001B
CCPR2H                            0000001C
CCPR2L                            0000001B
CHS0                              00000002
CHS1                              00000003
CHS2                              00000004
CHS3                              00000005
MPASM 5.75                    CALCULATOR.ASM   10-9-2018  19:34:13         PAGE  7


SYMBOL TABLE
  LABEL                             VALUE 

CKE                               00000006
CKP                               00000004
CM1CON0                           00000107
CM2CON0                           00000108
CM2CON1                           00000109
CREN                              00000004
CSRC                              00000007
CargarOpA                         00000052
CargarOpB                         0000005E
D                                 00000005
DATA_ADDRESS                      00000005
DC                                00000001
DC1B0                             00000004
DC1B1                             00000005
DC2B0                             00000004
DC2B1                             00000005
D_A                               00000005
D_NOT_A                           00000005
DecoHEX                           0000006A
ECCPAS                            0000009C
ECCPAS0                           00000004
ECCPAS1                           00000005
ECCPAS2                           00000006
ECCPASE                           00000007
EEADR                             0000010D
EEADRH                            0000010F
EECON1                            0000018C
EECON2                            0000018D
EEDAT                             0000010C
EEDATA                            0000010C
EEDATH                            0000010E
EEIE                              00000004
EEIF                              00000004
EEPGD                             00000007
F                                 00000001
FERR                              00000002
FSR                               00000004
FVREN                             00000000
GCEN                              00000007
GIE                               00000007
GO                                00000001
GO_DONE                           00000001
GO_NOT_DONE                       00000001
HTS                               00000002
I2C_DATA                          00000005
I2C_READ                          00000002
I2C_START                         00000003
I2C_STOP                          00000004
INDF                              00000000
INTCON                            0000000B
INTE                              00000004
INTEDG                            00000006
INTF                              00000001
MPASM 5.75                    CALCULATOR.ASM   10-9-2018  19:34:13         PAGE  8


SYMBOL TABLE
  LABEL                             VALUE 

IOCB                              00000096
IOCB0                             00000000
IOCB1                             00000001
IOCB2                             00000002
IOCB3                             00000003
IOCB4                             00000004
IOCB5                             00000005
IOCB6                             00000006
IOCB7                             00000007
IRCF0                             00000004
IRCF1                             00000005
IRCF2                             00000006
IRP                               00000007
Inicio                            00000005
LTS                               00000001
MC1OUT                            00000007
MC2OUT                            00000006
MSK                               00000093
MSK0                              00000000
MSK1                              00000001
MSK2                              00000002
MSK3                              00000003
MSK4                              00000004
MSK5                              00000005
MSK6                              00000006
MSK7                              00000007
NOT_A                             00000005
NOT_ADDRESS                       00000005
NOT_BO                            00000000
NOT_BOR                           00000000
NOT_DONE                          00000001
NOT_PD                            00000003
NOT_POR                           00000001
NOT_RBPU                          00000007
NOT_RC8                           00000006
NOT_T1SYNC                        00000002
NOT_TO                            00000004
NOT_TX8                           00000006
NOT_W                             00000002
NOT_WRITE                         00000002
OERR                              00000001
OPTION_REG                        00000081
OSCCON                            0000008F
OSCTUNE                           00000090
OSFIE                             00000007
OSFIF                             00000007
OSTS                              00000003
OperandoA                         00000020
OperandoB                         00000021
P                                 00000004
P1M0                              00000006
P1M1                              00000007
PCL                               00000002
MPASM 5.75                    CALCULATOR.ASM   10-9-2018  19:34:13         PAGE  9


SYMBOL TABLE
  LABEL                             VALUE 

PCLATH                            0000000A
PCON                              0000008E
PDC0                              00000000
PDC1                              00000001
PDC2                              00000002
PDC3                              00000003
PDC4                              00000004
PDC5                              00000005
PDC6                              00000006
PEIE                              00000006
PEN                               00000002
PIE1                              0000008C
PIE2                              0000008D
PIR1                              0000000C
PIR2                              0000000D
PORTA                             00000005
PORTB                             00000006
PORTC                             00000007
PORTD                             00000008
PORTE                             00000009
PR2                               00000092
PRSEN                             00000007
PS0                               00000000
PS1                               00000001
PS2                               00000002
PSA                               00000003
PSSAC0                            00000002
PSSAC1                            00000003
PSSBD0                            00000000
PSSBD1                            00000001
PSTRCON                           0000009D
PULSR                             00000002
PULSS                             00000003
PWM1CON                           0000009B
Principal                         0000001C
Pulsador1                         PORTE,0
Pulsador2                         PORTE,1
Pulsador3                         PORTE,2
Pulsador4                         PORTD,7
R                                 00000002
RA0                               00000000
RA1                               00000001
RA2                               00000002
RA3                               00000003
RA4                               00000004
RA5                               00000005
RA6                               00000006
RA7                               00000007
RB0                               00000000
RB1                               00000001
RB2                               00000002
RB3                               00000003
RB4                               00000004
MPASM 5.75                    CALCULATOR.ASM   10-9-2018  19:34:13         PAGE 10


SYMBOL TABLE
  LABEL                             VALUE 

RB5                               00000005
RB6                               00000006
RB7                               00000007
RBIE                              00000003
RBIF                              00000000
RC0                               00000000
RC1                               00000001
RC2                               00000002
RC3                               00000003
RC4                               00000004
RC5                               00000005
RC6                               00000006
RC7                               00000007
RC8_9                             00000006
RC9                               00000006
RCD8                              00000000
RCEN                              00000003
RCIDL                             00000006
RCIE                              00000005
RCIF                              00000005
RCREG                             0000001A
RCSTA                             00000018
RD                                00000000
RD0                               00000000
RD1                               00000001
RD2                               00000002
RD3                               00000003
RD4                               00000004
RD5                               00000005
RD6                               00000006
RD7                               00000007
RE0                               00000000
RE1                               00000001
RE2                               00000002
RE3                               00000003
READ_WRITE                        00000002
RP0                               00000005
RP1                               00000006
RSEN                              00000001
RX9                               00000006
RX9D                              00000000
R_NOT_W                           00000002
R_W                               00000002
RegComp                           00000024
RegResta                          00000023
RegSuma                           00000022
RestaAB                           00000025
S                                 00000003
SBOREN                            00000004
SCKP                              00000004
SCS                               00000000
SEN                               00000000
SENDB                             00000003
MPASM 5.75                    CALCULATOR.ASM   10-9-2018  19:34:13         PAGE 11


SYMBOL TABLE
  LABEL                             VALUE 

SMP                               00000007
SPBRG                             00000099
SPBRGH                            0000009A
SPEN                              00000007
SR0                               00000006
SR1                               00000007
SRCON                             00000185
SREN                              00000005
SSPADD                            00000093
SSPBUF                            00000013
SSPCON                            00000014
SSPCON2                           00000091
SSPEN                             00000005
SSPIE                             00000003
SSPIF                             00000003
SSPM0                             00000000
SSPM1                             00000001
SSPM2                             00000002
SSPM3                             00000003
SSPMSK                            00000093
SSPOV                             00000006
SSPSTAT                           00000094
STATUS                            00000003
STRA                              00000000
STRB                              00000001
STRC                              00000002
STRD                              00000003
STRSYNC                           00000004
SWDTEN                            00000000
SYNC                              00000004
SumaAB                            00000040
T0CS                              00000005
T0IE                              00000005
T0IF                              00000002
T0SE                              00000004
T1CKPS0                           00000004
T1CKPS1                           00000005
T1CON                             00000010
T1GINV                            00000007
T1GIV                             00000007
T1GSS                             00000001
T1INSYNC                          00000002
T1OSCEN                           00000003
T1SYNC                            00000002
T2CKPS0                           00000000
T2CKPS1                           00000001
T2CON                             00000012
TMR0                              00000001
TMR0IE                            00000005
TMR0IF                            00000002
TMR1                              0000000E
TMR1CS                            00000001
TMR1GE                            00000006
MPASM 5.75                    CALCULATOR.ASM   10-9-2018  19:34:13         PAGE 12


SYMBOL TABLE
  LABEL                             VALUE 

TMR1H                             0000000F
TMR1IE                            00000000
TMR1IF                            00000000
TMR1L                             0000000E
TMR1ON                            00000000
TMR2                              00000011
TMR2IE                            00000001
TMR2IF                            00000001
TMR2ON                            00000002
TOUTPS0                           00000003
TOUTPS1                           00000004
TOUTPS2                           00000005
TOUTPS3                           00000006
TRISA                             00000085
TRISA0                            00000000
TRISA1                            00000001
TRISA2                            00000002
TRISA3                            00000003
TRISA4                            00000004
TRISA5                            00000005
TRISA6                            00000006
TRISA7                            00000007
TRISB                             00000086
TRISB0                            00000000
TRISB1                            00000001
TRISB2                            00000002
TRISB3                            00000003
TRISB4                            00000004
TRISB5                            00000005
TRISB6                            00000006
TRISB7                            00000007
TRISC                             00000087
TRISC0                            00000000
TRISC1                            00000001
TRISC2                            00000002
TRISC3                            00000003
TRISC4                            00000004
TRISC5                            00000005
TRISC6                            00000006
TRISC7                            00000007
TRISD                             00000088
TRISD0                            00000000
TRISD1                            00000001
TRISD2                            00000002
TRISD3                            00000003
TRISD4                            00000004
TRISD5                            00000005
TRISD6                            00000006
TRISD7                            00000007
TRISE                             00000089
TRISE0                            00000000
TRISE1                            00000001
TRISE2                            00000002
MPASM 5.75                    CALCULATOR.ASM   10-9-2018  19:34:13         PAGE 13


SYMBOL TABLE
  LABEL                             VALUE 

TRISE3                            00000003
TRMT                              00000001
TUN0                              00000000
TUN1                              00000001
TUN2                              00000002
TUN3                              00000003
TUN4                              00000004
TX8_9                             00000006
TX9                               00000006
TX9D                              00000000
TXD8                              00000000
TXEN                              00000005
TXIE                              00000004
TXIF                              00000004
TXREG                             00000019
TXSTA                             00000098
UA                                00000001
ULPWUE                            00000005
ULPWUIE                           00000002
ULPWUIF                           00000002
VCFG0                             00000004
VCFG1                             00000005
VR0                               00000000
VR1                               00000001
VR2                               00000002
VR3                               00000003
VRCON                             00000097
VREN                              00000007
VROE                              00000006
VRR                               00000005
VRSS                              00000004
W                                 00000000
WCOL                              00000007
WDTCON                            00000105
WDTPS0                            00000001
WDTPS1                            00000002
WDTPS2                            00000003
WDTPS3                            00000004
WPUB                              00000095
WPUB0                             00000000
WPUB1                             00000001
WPUB2                             00000002
WPUB3                             00000003
WPUB4                             00000004
WPUB5                             00000005
WPUB6                             00000006
WPUB7                             00000007
WR                                00000001
WREN                              00000002
WRERR                             00000003
WUE                               00000001
Z                                 00000002
_BOR21V                           00003EFF
MPASM 5.75                    CALCULATOR.ASM   10-9-2018  19:34:13         PAGE 14


SYMBOL TABLE
  LABEL                             VALUE 

_BOR40V                           00003FFF
_BOR4V_BOR21V                     00003EFF
_BOR4V_BOR40V                     00003FFF
_BOREN_NSLEEP                     00003EFF
_BOREN_OFF                        00003CFF
_BOREN_ON                         00003FFF
_BOREN_SBODEN                     00003DFF
_BOR_NSLEEP                       00003EFF
_BOR_OFF                          00003CFF
_BOR_ON                           00003FFF
_BOR_SBODEN                       00003DFF
_CONFIG1                          00002007
_CONFIG2                          00002008
_CPD_OFF                          00003FFF
_CPD_ON                           00003F7F
_CP_OFF                           00003FFF
_CP_ON                            00003FBF
_DEBUG_OFF                        00003FFF
_DEBUG_ON                         00001FFF
_DEVID1                           00002006
_EC_OSC                           00003FFB
_EXTRC                            00003FFF
_EXTRCIO                          00003FFE
_EXTRC_OSC_CLKOUT                 00003FFF
_EXTRC_OSC_NOCLKOUT               00003FFE
_FCMEN_OFF                        000037FF
_FCMEN_ON                         00003FFF
_FOSC_EC                          00003FFB
_FOSC_EXTRC_CLKOUT                00003FFF
_FOSC_EXTRC_NOCLKOUT              00003FFE
_FOSC_HS                          00003FFA
_FOSC_INTRC_CLKOUT                00003FFD
_FOSC_INTRC_NOCLKOUT              00003FFC
_FOSC_LP                          00003FF8
_FOSC_XT                          00003FF9
_HS_OSC                           00003FFA
_IDLOC0                           00002000
_IDLOC1                           00002001
_IDLOC2                           00002002
_IDLOC3                           00002003
_IESO_OFF                         00003BFF
_IESO_ON                          00003FFF
_INTOSC                           00003FFD
_INTOSCIO                         00003FFC
_INTRC_OSC_CLKOUT                 00003FFD
_INTRC_OSC_NOCLKOUT               00003FFC
_LP_OSC                           00003FF8
_LVP_OFF                          00002FFF
_LVP_ON                           00003FFF
_MCLRE_OFF                        00003FDF
_MCLRE_ON                         00003FFF
_PWRTE_OFF                        00003FFF
_PWRTE_ON                         00003FEF
MPASM 5.75                    CALCULATOR.ASM   10-9-2018  19:34:13         PAGE 15


SYMBOL TABLE
  LABEL                             VALUE 

_WDTE_OFF                         00003FF7
_WDTE_ON                          00003FFF
_WDT_OFF                          00003FF7
_WDT_ON                           00003FFF
_WRT_1FOURTH                      00003BFF
_WRT_256                          00003DFF
_WRT_HALF                         000039FF
_WRT_OFF                          00003FFF
_XT_OSC                           00003FF9
__16F887                          00000001


MEMORY USAGE MAP ('X' = Used,  '-' = Unused)

0000 : X----XXXXXXXXXXX XXXXXXXXXXXXXXXX XXXXXXXXXXXXXXXX XXXXXXXXXXXXXXXX
0040 : XXXXXXXXXXXXXXXX XXXXXXXXXXXXXXXX XXXXXXXXXXXXXXXX XXXXXXXXXXX-----
2000 : -------XX------- ---------------- ---------------- ----------------

All other memory blocks unused.

Program Memory Words Used:   119
Program Memory Words Free:  8073


Errors   :     0
Warnings :     1 reported,     0 suppressed
Messages :     7 reported,     0 suppressed

